# JRE version: OpenJDK Runtime Environment (17.0.6) (build 17.0.6+0-b2043.56-10027231)
# Java VM: OpenJDK 64-Bit Server VM (17.0.6+0-b2043.56-10027231, mixed mode, tiered, compressed oops, compressed class ptrs, g1 gc, windows-amd64)
GC Precious Log:
 CPUs: 8 total, 8 available
 Memory: 16225M
 Large Page Support: Disabled
 NUMA Support: Disabled
 Compressed Oops: Enabled (Zero based)
 Heap Region Size: 2M
 Heap Min Capacity: 8M
 Heap Initial Capacity: 254M
 Heap Max Capacity: 4G
 Pre-touch: Disabled
 Parallel Workers: 8
 Concurrent Workers: 2
 Concurrent Refinement Workers: 8
 Periodic GC: Disabled
Heap:
 garbage-first heap   total 589824K, used 427056K [0x0000000700000000, 0x0000000800000000)
  region size 2048K, 1 young (2048K), 1 survivors (2048K)
 Metaspace       used 114882K, committed 116800K, reserved 1155072K
  class space    used 15818K, committed 16640K, reserved 1048576K
GC Heap History (20 events):
Event: 20.856 GC heap after
{Heap after GC invocations=62 (full 0):
 garbage-first heap   total 491520K, used 237573K [0x0000000700000000, 0x0000000800000000)
  region size 2048K, 11 young (22528K), 11 survivors (22528K)
 Metaspace       used 103160K, committed 104768K, reserved 1146880K
  class space    used 14273K, committed 14976K, reserved 1048576K
}
Event: 22.345 GC heap before
{Heap before GC invocations=62 (full 0):
 garbage-first heap   total 491520K, used 397317K [0x0000000700000000, 0x0000000800000000)
  region size 2048K, 89 young (182272K), 11 survivors (22528K)
 Metaspace       used 110475K, committed 112192K, reserved 1146880K
  class space    used 15272K, committed 16000K, reserved 1048576K
}
Event: 22.378 GC heap after
{Heap after GC invocations=63 (full 0):
 garbage-first heap   total 491520K, used 273246K [0x0000000700000000, 0x0000000800000000)
  region size 2048K, 12 young (24576K), 12 survivors (24576K)
 Metaspace       used 110475K, committed 112192K, reserved 1146880K
  class space    used 15272K, committed 16000K, reserved 1048576K
}
Event: 25.726 GC heap before
{Heap before GC invocations=63 (full 0):
 garbage-first heap   total 491520K, used 383838K [0x0000000700000000, 0x0000000800000000)
  region size 2048K, 66 young (135168K), 12 survivors (24576K)
 Metaspace       used 112862K, committed 114688K, reserved 1155072K
  class space    used 15663K, committed 16448K, reserved 1048576K
}
Event: 25.752 GC heap after
{Heap after GC invocations=64 (full 0):
 garbage-first heap   total 491520K, used 294665K [0x0000000700000000, 0x0000000800000000)
  region size 2048K, 9 young (18432K), 9 survivors (18432K)
 Metaspace       used 112862K, committed 114688K, reserved 1155072K
  class space    used 15663K, committed 16448K, reserved 1048576K
}
Event: 153.101 GC heap before
{Heap before GC invocations=64 (full 0):
 garbage-first heap   total 491520K, used 392969K [0x0000000700000000, 0x0000000800000000)
  region size 2048K, 57 young (116736K), 9 survivors (18432K)
 Metaspace       used 113877K, committed 115840K, reserved 1155072K
  class space    used 15780K, committed 16640K, reserved 1048576K
}
Event: 153.122 GC heap after
{Heap after GC invocations=65 (full 0):
 garbage-first heap   total 491520K, used 308136K [0x0000000700000000, 0x0000000800000000)
  region size 2048K, 7 young (14336K), 7 survivors (14336K)
 Metaspace       used 113877K, committed 115840K, reserved 1155072K
  class space    used 15780K, committed 16640K, reserved 1048576K
}
Event: 153.828 GC heap before
{Heap before GC invocations=65 (full 0):
 garbage-first heap   total 491520K, used 396200K [0x0000000700000000, 0x0000000800000000)
  region size 2048K, 51 young (104448K), 7 survivors (14336K)
 Metaspace       used 114003K, committed 115904K, reserved 1155072K
  class space    used 15780K, committed 16640K, reserved 1048576K
}
Event: 153.844 GC heap after
{Heap after GC invocations=66 (full 0):
 garbage-first heap   total 491520K, used 324058K [0x0000000700000000, 0x0000000800000000)
  region size 2048K, 7 young (14336K), 7 survivors (14336K)
 Metaspace       used 114003K, committed 115904K, reserved 1155072K
  class space    used 15780K, committed 16640K, reserved 1048576K
}
Event: 154.458 GC heap before
{Heap before GC invocations=66 (full 0):
 garbage-first heap   total 491520K, used 399834K [0x0000000700000000, 0x0000000800000000)
  region size 2048K, 44 young (90112K), 7 survivors (14336K)
 Metaspace       used 114137K, committed 116096K, reserved 1155072K
  class space    used 15782K, committed 16640K, reserved 1048576K
}
Event: 154.477 GC heap after
{Heap after GC invocations=67 (full 0):
 garbage-first heap   total 589824K, used 337920K [0x0000000700000000, 0x0000000800000000)
  region size 2048K, 6 young (12288K), 6 survivors (12288K)
 Metaspace       used 114137K, committed 116096K, reserved 1155072K
  class space    used 15782K, committed 16640K, reserved 1048576K
}
Event: 155.702 GC heap before
{Heap before GC invocations=67 (full 0):
 garbage-first heap   total 589824K, used 468992K [0x0000000700000000, 0x0000000800000000)
  region size 2048K, 70 young (143360K), 6 survivors (12288K)
 Metaspace       used 114399K, committed 116352K, reserved 1155072K
  class space    used 15789K, committed 16640K, reserved 1048576K
}
Event: 155.727 GC heap after
{Heap after GC invocations=68 (full 0):
 garbage-first heap   total 589824K, used 364544K [0x0000000700000000, 0x0000000800000000)
  region size 2048K, 9 young (18432K), 9 survivors (18432K)
 Metaspace       used 114399K, committed 116352K, reserved 1155072K
  class space    used 15789K, committed 16640K, reserved 1048576K
}
Event: 156.508 GC heap before
{Heap before GC invocations=68 (full 0):
 garbage-first heap   total 589824K, used 473088K [0x0000000700000000, 0x0000000800000000)
  region size 2048K, 62 young (126976K), 9 survivors (18432K)
 Metaspace       used 114656K, committed 116608K, reserved 1155072K
  class space    used 15789K, committed 16640K, reserved 1048576K
}
Event: 156.554 GC heap after
{Heap after GC invocations=69 (full 0):
 garbage-first heap   total 589824K, used 405504K [0x0000000700000000, 0x0000000800000000)
  region size 2048K, 8 young (16384K), 8 survivors (16384K)
 Metaspace       used 114656K, committed 116608K, reserved 1155072K
  class space    used 15789K, committed 16640K, reserved 1048576K
}
Event: 157.095 GC heap before
{Heap before GC invocations=69 (full 0):
 garbage-first heap   total 589824K, used 477184K [0x0000000700000000, 0x0000000800000000)
  region size 2048K, 43 young (88064K), 8 survivors (16384K)
 Metaspace       used 114882K, committed 116800K, reserved 1155072K
  class space    used 15818K, committed 16640K, reserved 1048576K
}
Event: 157.114 GC heap after
{Heap after GC invocations=70 (full 0):
 garbage-first heap   total 589824K, used 423665K [0x0000000700000000, 0x0000000800000000)
  region size 2048K, 6 young (12288K), 6 survivors (12288K)
 Metaspace       used 114882K, committed 116800K, reserved 1155072K
  class space    used 15818K, committed 16640K, reserved 1048576K
}
Event: 157.268 GC heap before
{Heap before GC invocations=70 (full 0):
 garbage-first heap   total 589824K, used 485105K [0x0000000700000000, 0x0000000800000000)
  region size 2048K, 37 young (75776K), 6 survivors (12288K)
 Metaspace       used 114882K, committed 116800K, reserved 1155072K
  class space    used 15818K, committed 16640K, reserved 1048576K
}
Event: 157.276 GC heap after
{Heap after GC invocations=71 (full 0):
 garbage-first heap   total 589824K, used 427379K [0x0000000700000000, 0x0000000800000000)
  region size 2048K, 2 young (4096K), 2 survivors (4096K)
 Metaspace       used 114882K, committed 116800K, reserved 1155072K
  class space    used 15818K, committed 16640K, reserved 1048576K
}
Event: 157.413 GC heap before
{Heap before GC invocations=71 (full 0):
 garbage-first heap   total 589824K, used 492915K [0x0000000700000000, 0x0000000800000000)
  region size 2048K, 34 young (69632K), 2 survivors (4096K)
 Metaspace       used 114882K, committed 116800K, reserved 1155072K
  class space    used 15818K, committed 16640K, reserved 1048576K
}

